#
# A fatal error has been detected by the Java Runtime Environment:
#
#  EXCEPTION_ACCESS_VIOLATION (0xc0000005) at pc=0x000000000320eb90, pid=1404, tid=5368
#
# JRE version: OpenJDK Runtime Environment (15.0.1+9) (build 15.0.1+9-18)
# Java VM: OpenJDK 64-Bit Server VM (15.0.1+9-18, mixed mode, sharing, tiered, compressed oops, g1 gc, windows-amd64)
# Problematic frame:
# C  [libnd4jcpu.dll+0xe3eb90]
#
# No core dump will be written. Minidumps are not enabled by default on client versions of Windows
#
# If you would like to submit a bug report, please visit:
#   https://bugreport.java.com/bugreport/crash.jsp
# The crash happened outside the Java Virtual Machine in native code.
# See problematic frame for where to report the bug.
#

---------------  S U M M A R Y ------------

Command Line: -Dfile.encoding=Cp1252 -XX:+ShowCodeDetailsInExceptionMessages com.nn.train.GeneticEngine

Host: Intel(R) Core(TM) i7-8550U CPU @ 1.80GHz, 8 cores, 7G,  Windows 10 , 64 bit Build 18362 (10.0.18362.1110)
Time: Tue Dec 29 23:44:13 2020 Hora padrão de GMT elapsed time: 2.528472 seconds (0d 0h 0m 2s)

---------------  T H R E A D  ---------------

Current thread (0x000001b24dfcd650):  JavaThread "pool-3-thread-1" [_thread_in_native, id=5368, stack(0x0000007a9f100000,0x0000007a9f200000)]

Stack: [0x0000007a9f100000,0x0000007a9f200000],  sp=0x0000007a9f1fe0b8,  free space=1016k
Native frames: (J=compiled Java code, j=interpreted, Vv=VM code, C=native code)
C  [libnd4jcpu.dll+0xe3eb90]

Java frames: (J=compiled Java code, j=interpreted, Vv=VM code)
j  org.nd4j.nativeblas.Nd4jCpu.execTransformAny(Lorg/bytedeco/javacpp/PointerPointer;ILorg/nd4j/nativeblas/OpaqueDataBuffer;Lorg/bytedeco/javacpp/LongPointer;Lorg/bytedeco/javacpp/LongPointer;Lorg/nd4j/nativeblas/OpaqueDataBuffer;Lorg/bytedeco/javacpp/LongPointer;Lorg/bytedeco/javacpp/LongPointer;Lorg/bytedeco/javacpp/Pointer;)V+0
j  org.nd4j.linalg.cpu.nativecpu.ops.NativeOpExecutioner.exec(Lorg/nd4j/linalg/api/ops/TransformOp;Lorg/nd4j/linalg/api/ops/OpContext;)V+1283
j  org.nd4j.linalg.cpu.nativecpu.ops.NativeOpExecutioner.exec(Lorg/nd4j/linalg/api/ops/Op;Lorg/nd4j/linalg/api/ops/OpContext;)Lorg/nd4j/linalg/api/ndarray/INDArray;+42
j  org.nd4j.linalg.cpu.nativecpu.ops.NativeOpExecutioner.exec(Lorg/nd4j/linalg/api/ops/Op;)Lorg/nd4j/linalg/api/ndarray/INDArray;+3
j  org.nd4j.linalg.api.ndarray.BaseNDArray.assign(Lorg/nd4j/linalg/api/ndarray/INDArray;)Lorg/nd4j/linalg/api/ndarray/INDArray;+96
j  org.nd4j.linalg.api.ndarray.BaseNDArray.mmuli(Lorg/nd4j/linalg/api/ndarray/INDArray;Lorg/nd4j/linalg/api/ndarray/INDArray;)Lorg/nd4j/linalg/api/ndarray/INDArray;+475
j  org.deeplearning4j.nn.layers.BaseLayer.preOutputWithPreNorm(ZZLorg/deeplearning4j/nn/workspace/LayerWorkspaceMgr;)Lorg/nd4j/common/primitives/Pair;+305
j  org.deeplearning4j.nn.layers.BaseLayer.preOutput(ZLorg/deeplearning4j/nn/workspace/LayerWorkspaceMgr;)Lorg/nd4j/linalg/api/ndarray/INDArray;+4
j  org.deeplearning4j.nn.layers.BaseLayer.activate(ZLorg/deeplearning4j/nn/workspace/LayerWorkspaceMgr;)Lorg/nd4j/linalg/api/ndarray/INDArray;+3
j  org.deeplearning4j.nn.layers.AbstractLayer.activate(Lorg/nd4j/linalg/api/ndarray/INDArray;ZLorg/deeplearning4j/nn/workspace/LayerWorkspaceMgr;)Lorg/nd4j/linalg/api/ndarray/INDArray;+9
j  org.deeplearning4j.nn.multilayer.MultiLayerNetwork.outputOfLayerDetached(ZLorg/deeplearning4j/nn/api/FwdPassType;ILorg/nd4j/linalg/api/ndarray/INDArray;Lorg/nd4j/linalg/api/ndarray/INDArray;Lorg/nd4j/linalg/api/ndarray/INDArray;Lorg/nd4j/linalg/api/memory/MemoryWorkspace;)Lorg/nd4j/linalg/api/ndarray/INDArray;+665
j  org.deeplearning4j.nn.multilayer.MultiLayerNetwork.output(Lorg/nd4j/linalg/api/ndarray/INDArray;ZLorg/nd4j/linalg/api/ndarray/INDArray;Lorg/nd4j/linalg/api/ndarray/INDArray;Lorg/nd4j/linalg/api/memory/MemoryWorkspace;)Lorg/nd4j/linalg/api/ndarray/INDArray;+18
j  org.deeplearning4j.nn.multilayer.MultiLayerNetwork.output(Lorg/nd4j/linalg/api/ndarray/INDArray;ZLorg/nd4j/linalg/api/ndarray/INDArray;Lorg/nd4j/linalg/api/ndarray/INDArray;)Lorg/nd4j/linalg/api/ndarray/INDArray;+7
j  org.deeplearning4j.nn.multilayer.MultiLayerNetwork.output(Lorg/nd4j/linalg/api/ndarray/INDArray;Z)Lorg/nd4j/linalg/api/ndarray/INDArray;+5
j  org.deeplearning4j.nn.multilayer.MultiLayerNetwork.output(Lorg/nd4j/linalg/api/ndarray/INDArray;Lorg/deeplearning4j/nn/api/Layer$TrainingMode;)Lorg/nd4j/linalg/api/ndarray/INDArray;+14
j  org.deeplearning4j.nn.multilayer.MultiLayerNetwork.output(Lorg/nd4j/linalg/api/ndarray/INDArray;)Lorg/nd4j/linalg/api/ndarray/INDArray;+5
j  com.neural.NeuralNetwork.feedNetwork(Lorg/nd4j/linalg/api/ndarray/INDArray;)Lcom/logic/Moves;+5
j  com.neural.NeuralNetwork.lambda$0()Ljava/lang/Integer;+14
j  com.neural.NeuralNetwork$$Lambda$98+0x0000000800cdf470.call()Ljava/lang/Object;+4
j  java.util.concurrent.FutureTask.run()V+39 java.base@15.0.1
j  java.util.concurrent.ThreadPoolExecutor.runWorker(Ljava/util/concurrent/ThreadPoolExecutor$Worker;)V+92 java.base@15.0.1
j  java.util.concurrent.ThreadPoolExecutor$Worker.run()V+5 java.base@15.0.1
j  java.lang.Thread.run()V+11 java.base@15.0.1
v  ~StubRoutines::call_stub

siginfo: EXCEPTION_ACCESS_VIOLATION (0xc0000005), writing address 0x0000000000000050


Register to memory mapping:

RIP=0x000000000320eb90 libnd4jcpu.dll
RAX=0x000001b24f0f8d18 points into unknown readable memory: 0x0000000000000000 | 00 00 00 00 00 00 00 00
RBX=0x000001b24f0e03a0 points into unknown readable memory: 0x000001b24f0dbe50 | 50 be 0d 4f b2 01 00 00
RCX=0x0 is NULL
RDX=0x0 is NULL
RSP=0x0000007a9f1fe0b8 is pointing into the stack for thread: 0x000001b24dfcd650
RBP=0x000001b24f0dc520 points into unknown readable memory: 0x0000000000000002 | 02 00 00 00 00 00 00 00
RSI=0x0 is NULL
RDI=0x0 is NULL
R8 =0x0 is NULL
R9 =0x0000000000000018 is an unknown value
R10=0x0 is NULL
R11=0x9bf0400000000000 is an unknown value
R12=0x0 is NULL
R13=0x0 is NULL
R14=0x0000000000000001 is an unknown value
R15=0x0 is NULL


Registers:
RAX=0x000001b24f0f8d18, RBX=0x000001b24f0e03a0, RCX=0x0000000000000000, RDX=0x0000000000000000
RSP=0x0000007a9f1fe0b8, RBP=0x000001b24f0dc520, RSI=0x0000000000000000, RDI=0x0000000000000000
R8 =0x0000000000000000, R9 =0x0000000000000018, R10=0x0000000000000000, R11=0x9bf0400000000000
R12=0x0000000000000000, R13=0x0000000000000000, R14=0x0000000000000001, R15=0x0000000000000000
RIP=0x000000000320eb90, EFLAGS=0x0000000000010206

Top of Stack: (sp=0x0000007a9f1fe0b8)
0x0000007a9f1fe0b8:   000000000320abf5 0000000000000000
0x0000007a9f1fe0c8:   0000000000000001 0000007a9f1fe200
0x0000007a9f1fe0d8:   000000000320b291 000001b24f0e03e8
0x0000007a9f1fe0e8:   0000007a9f1fe301 0000007a9f1fe200
0x0000007a9f1fe0f8:   0000000000000000 0000000000000001
0x0000007a9f1fe108:   000001b24f0dc520 0000000000000001
0x0000007a9f1fe118:   0000007a9f1fe200 0000000000000001
0x0000007a9f1fe128:   000000000320d2e7 0000000000000000
0x0000007a9f1fe138:   0000000000000000 0000000000000040
0x0000007a9f1fe148:   0000000000000001 0000000000000040
0x0000007a9f1fe158:   0000000000000000 000001b24f0dc520
0x0000007a9f1fe168:   00007ffabc8d9da0 0000000000000000
0x0000007a9f1fe178:   0000000000000040 0000007a9f1fe218
0x0000007a9f1fe188:   0000007a9f1f0000 0000007a9f1fe288
0x0000007a9f1fe198:   0000000000000000 0000000000000000
0x0000007a9f1fe1a8:   000001b24f0dc520 0000000000000001 

Instructions: (pc=0x000000000320eb90)
0x000000000320ea90:   e2 4c 89 f1 48 8b 84 24 20 01 00 00 48 89 44 24
0x000000000320eaa0:   60 48 8b 84 24 18 01 00 00 48 89 44 24 58 48 8b
0x000000000320eab0:   84 24 10 01 00 00 48 89 44 24 50 48 8b 84 24 08
0x000000000320eac0:   01 00 00 48 89 44 24 48 48 8b 84 24 00 01 00 00
0x000000000320ead0:   48 89 44 24 40 48 8b 84 24 f8 00 00 00 48 89 44
0x000000000320eae0:   24 38 48 8b 84 24 f0 00 00 00 48 89 44 24 30 48
0x000000000320eaf0:   8b 84 24 e8 00 00 00 48 89 44 24 28 48 8b 84 24
0x000000000320eb00:   e0 00 00 00 48 89 44 24 20 e8 52 a3 ff ff 48 8b
0x000000000320eb10:   84 24 80 00 00 00 48 85 c0 74 0f 41 b8 03 00 00
0x000000000320eb20:   00 4c 89 ea 4c 89 e9 ff d0 90 48 81 c4 90 00 00
0x000000000320eb30:   00 5b 5e 41 5c 41 5d 41 5e c3 49 89 c4 48 8b 84
0x000000000320eb40:   24 80 00 00 00 48 85 c0 74 3c 41 b8 03 00 00 00
0x000000000320eb50:   4c 89 ea 4c 89 e9 c5 f8 77 ff d0 4c 89 e1 e8 55
0x000000000320eb60:   12 34 01 49 89 c4 48 8b 84 24 80 00 00 00 48 85
0x000000000320eb70:   c0 74 13 41 b8 03 00 00 00 4c 89 ea 4c 89 e9 c5
0x000000000320eb80:   f8 77 ff d0 eb d5 c5 f8 77 eb d0 90 0f 1f 40 00
0x000000000320eb90:   89 51 50 c3 66 66 2e 0f 1f 84 00 00 00 00 00 90
0x000000000320eba0:   41 54 56 53 48 83 ec 20 8b 41 50 49 89 cc 85 c0
0x000000000320ebb0:   74 40 31 db 0f 1f 40 00 49 8b 44 24 38 89 de 83
0x000000000320ebc0:   c3 01 48 8b 0c f0 e8 25 a7 ff ff 49 8b 44 24 38
0x000000000320ebd0:   48 8b 0c f0 e8 27 9f ff ff e8 72 c6 ff ff ba 01
0x000000000320ebe0:   00 00 00 48 89 c1 e8 55 bf ff ff 41 39 5c 24 50
0x000000000320ebf0:   77 c6 e8 59 c6 ff ff 4c 89 e2 48 89 c1 48 83 c4
0x000000000320ec00:   20 5b 5e 41 5c e9 06 c7 ff ff 66 0f 1f 44 00 00
0x000000000320ec10:   48 8b 41 38 89 d2 4c 89 04 d0 c3 90 0f 1f 40 00
0x000000000320ec20:   41 54 53 48 83 ec 28 c5 f9 ef c0 48 89 cb c6 01
0x000000000320ec30:   01 c4 e3 7d 39 41 18 01 c4 e3 7d 39 41 28 01 48
0x000000000320ec40:   c7 41 48 00 00 00 00 c4 e3 7d 39 41 38 01 c7 41
0x000000000320ec50:   50 00 00 00 00 c5 f8 11 41 08 c5 f8 77 e8 7e 1e
0x000000000320ec60:   21 ff 48 89 c1 e8 96 13 21 ff 48 8b 4b 40 4c 8b
0x000000000320ec70:   43 38 48 63 d0 48 89 c8 4c 29 c0 48 c1 f8 03 48
0x000000000320ec80:   39 c2 77 1c 73 0d 49 8d 04 d0 48 39 c1 74 04 48 


Stack slot to memory mapping:
stack at sp + 0 slots: 0x000000000320abf5 libnd4jcpu.dll
stack at sp + 1 slots: 0x0 is NULL
stack at sp + 2 slots: 0x0000000000000001 is an unknown value
stack at sp + 3 slots: 0x0000007a9f1fe200 is pointing into the stack for thread: 0x000001b24dfcd650
stack at sp + 4 slots: 0x000000000320b291 libnd4jcpu.dll
stack at sp + 5 slots: 0x000001b24f0e03e8 points into unknown readable memory: 0x000001b24f0df400 | 00 f4 0d 4f b2 01 00 00
stack at sp + 6 slots: 0x0000007a9f1fe301 is pointing into the stack for thread: 0x000001b24dfcd650
stack at sp + 7 slots: 0x0000007a9f1fe200 is pointing into the stack for thread: 0x000001b24dfcd650


---------------  P R O C E S S  ---------------

Threads class SMR info:
_java_thread_list=0x000001b24df09430, length=38, elements={
0x000001b22cc136c0, 0x000001b24b700480, 0x000001b24b7017f0, 0x000001b24b71c050,
0x000001b24b71ca10, 0x000001b24b71ec70, 0x000001b24b720a40, 0x000001b24b725af0,
0x000001b24b726d80, 0x000001b24c18cef0, 0x000001b24c194950, 0x000001b24c811940,
0x000001b24c7fc5c0, 0x000001b24c7fca90, 0x000001b24ca0c140, 0x000001b24ca0ca10,
0x000001b24cece4b0, 0x000001b24cece980, 0x000001b24cebbcd0, 0x000001b24dfcdff0,
0x000001b24dfcbe40, 0x000001b24dfcccb0, 0x000001b24dfcc7e0, 0x000001b24dfcafd0,
0x000001b24dfcd180, 0x000001b24dfcc310, 0x000001b24dfcd650, 0x000001b24dfcdb20,
0x000001b24dfce4c0, 0x000001b24ced6820, 0x000001b24dfce990, 0x000001b24dfcb4a0,
0x000001b24dfcb970, 0x000001b24e013070, 0x000001b24e016f00, 0x000001b24e015bc0,
0x000001b24e013540, 0x000001b24e018240
}

Java Threads: ( => current thread )
  0x000001b22cc136c0 JavaThread "main" [_thread_blocked, id=5032, stack(0x0000007a9b700000,0x0000007a9b800000)]
  0x000001b24b700480 JavaThread "Reference Handler" daemon [_thread_blocked, id=9368, stack(0x0000007a9be00000,0x0000007a9bf00000)]
  0x000001b24b7017f0 JavaThread "Finalizer" daemon [_thread_blocked, id=5676, stack(0x0000007a9bf00000,0x0000007a9c000000)]
  0x000001b24b71c050 JavaThread "Signal Dispatcher" daemon [_thread_blocked, id=9340, stack(0x0000007a9c000000,0x0000007a9c100000)]
  0x000001b24b71ca10 JavaThread "Attach Listener" daemon [_thread_blocked, id=3668, stack(0x0000007a9c100000,0x0000007a9c200000)]
  0x000001b24b71ec70 JavaThread "Service Thread" daemon [_thread_blocked, id=3844, stack(0x0000007a9c200000,0x0000007a9c300000)]
  0x000001b24b720a40 JavaThread "C2 CompilerThread0" daemon [_thread_blocked, id=8772, stack(0x0000007a9c300000,0x0000007a9c400000)]
  0x000001b24b725af0 JavaThread "C1 CompilerThread0" daemon [_thread_blocked, id=10988, stack(0x0000007a9c400000,0x0000007a9c500000)]
  0x000001b24b726d80 JavaThread "Sweeper thread" daemon [_thread_blocked, id=3344, stack(0x0000007a9c500000,0x0000007a9c600000)]
  0x000001b24c18cef0 JavaThread "Notification Thread" daemon [_thread_blocked, id=8676, stack(0x0000007a9c600000,0x0000007a9c700000)]
  0x000001b24c194950 JavaThread "Common-Cleaner" daemon [_thread_blocked, id=5396, stack(0x0000007a9c800000,0x0000007a9c900000)]
  0x000001b24c811940 JavaThread "ForkJoinPool.commonPool-worker-3" daemon [_thread_blocked, id=1068, stack(0x0000007a9ca00000,0x0000007a9cb00000)]
  0x000001b24c7fc5c0 JavaThread "ForkJoinPool.commonPool-worker-5" daemon [_thread_blocked, id=7176, stack(0x0000007a9cb00000,0x0000007a9cc00000)]
  0x000001b24c7fca90 JavaThread "ForkJoinPool.commonPool-worker-7" daemon [_thread_blocked, id=5148, stack(0x0000007a9cc00000,0x0000007a9cd00000)]
  0x000001b24ca0c140 JavaThread "ForkJoinPool.commonPool-worker-9" daemon [_thread_blocked, id=2732, stack(0x0000007a9cd00000,0x0000007a9ce00000)]
  0x000001b24ca0ca10 JavaThread "ForkJoinPool.commonPool-worker-11" daemon [_thread_blocked, id=4860, stack(0x0000007a9ce00000,0x0000007a9cf00000)]
  0x000001b24cece4b0 JavaThread "ForkJoinPool.commonPool-worker-13" daemon [_thread_blocked, id=1872, stack(0x0000007a9cf00000,0x0000007a9d000000)]
  0x000001b24cece980 JavaThread "ForkJoinPool.commonPool-worker-15" daemon [_thread_blocked, id=1584, stack(0x0000007a9d000000,0x0000007a9d100000)]
  0x000001b24cebbcd0 JavaThread "JavaCPP Deallocator" daemon [_thread_blocked, id=3508, stack(0x0000007a9d500000,0x0000007a9d600000)]
  0x000001b24dfcdff0 JavaThread "DeallocatorServiceThread_0" daemon [_thread_blocked, id=9224, stack(0x0000007a9c900000,0x0000007a9ca00000)]
  0x000001b24dfcbe40 JavaThread "DeallocatorServiceThread_1" daemon [_thread_blocked, id=7560, stack(0x0000007a9d100000,0x0000007a9d200000)]
  0x000001b24dfcccb0 JavaThread "pool-6-thread-1" [_thread_in_native, id=10476, stack(0x0000007a9ec00000,0x0000007a9ed00000)]
  0x000001b24dfcc7e0 JavaThread "pool-8-thread-1" [_thread_in_native, id=6832, stack(0x0000007a9ed00000,0x0000007a9ee00000)]
  0x000001b24dfcafd0 JavaThread "pool-5-thread-1" [_thread_in_native, id=5980, stack(0x0000007a9ee00000,0x0000007a9ef00000)]
  0x000001b24dfcd180 JavaThread "pool-4-thread-1" [_thread_in_native, id=5972, stack(0x0000007a9ef00000,0x0000007a9f000000)]
  0x000001b24dfcc310 JavaThread "pool-1-thread-1" [_thread_in_native, id=7004, stack(0x0000007a9f000000,0x0000007a9f100000)]
=>0x000001b24dfcd650 JavaThread "pool-3-thread-1" [_thread_in_native, id=5368, stack(0x0000007a9f100000,0x0000007a9f200000)]
  0x000001b24dfcdb20 JavaThread "pool-2-thread-1" [_thread_in_native, id=5132, stack(0x0000007a9f200000,0x0000007a9f300000)]
  0x000001b24dfce4c0 JavaThread "pool-7-thread-1" [_thread_in_native, id=8084, stack(0x0000007a9f300000,0x0000007a9f400000)]
  0x000001b24ced6820 JavaThread "C2 CompilerThread1" daemon [_thread_blocked, id=6440, stack(0x0000007a9f400000,0x0000007a9f500000)]
  0x000001b24dfce990 JavaThread "pool-9-thread-1" [_thread_in_native, id=6408, stack(0x0000007a9f500000,0x0000007a9f600000)]
  0x000001b24dfcb4a0 JavaThread "pool-10-thread-1" [_thread_in_native, id=8048, stack(0x0000007a9f600000,0x0000007a9f700000)]
  0x000001b24dfcb970 JavaThread "pool-11-thread-1" [_thread_in_native, id=6820, stack(0x0000007a9f700000,0x0000007a9f800000)]
  0x000001b24e013070 JavaThread "pool-12-thread-1" [_thread_in_native, id=17128, stack(0x0000007a9f800000,0x0000007a9f900000)]
  0x000001b24e016f00 JavaThread "pool-13-thread-1" [_thread_in_native, id=5588, stack(0x0000007a9f900000,0x0000007a9fa00000)]
  0x000001b24e015bc0 JavaThread "pool-14-thread-1" [_thread_in_native, id=12692, stack(0x0000007a9fa00000,0x0000007a9fb00000)]
  0x000001b24e013540 JavaThread "pool-15-thread-1" [_thread_in_native, id=5988, stack(0x0000007a9fb00000,0x0000007a9fc00000)]
  0x000001b24e018240 JavaThread "pool-16-thread-1" [_thread_in_native, id=4724, stack(0x0000007a9fc00000,0x0000007a9fd00000)]

Other Threads:
  0x000001b24b6fd450 VMThread "VM Thread" [stack: 0x0000007a9bd00000,0x0000007a9be00000] [id=14388]
  0x000001b24c19b140 WatcherThread [stack: 0x0000007a9c700000,0x0000007a9c800000] [id=7280]
  0x000001b22cc51430 GCTaskThread "GC Thread#0" [stack: 0x0000007a9b800000,0x0000007a9b900000] [id=3536]
  0x000001b24c1f8130 GCTaskThread "GC Thread#1" [stack: 0x0000007a9d200000,0x0000007a9d300000] [id=1496]
  0x000001b24c1f8460 GCTaskThread "GC Thread#2" [stack: 0x0000007a9d300000,0x0000007a9d400000] [id=1588]
  0x000001b22cc62aa0 ConcurrentGCThread "G1 Main Marker" [stack: 0x0000007a9b900000,0x0000007a9ba00000] [id=3584]
  0x000001b22cc63690 ConcurrentGCThread "G1 Conc#0" [stack: 0x0000007a9ba00000,0x0000007a9bb00000] [id=3684]
  0x000001b22ccbdbc0 ConcurrentGCThread "G1 Refine#0" [stack: 0x0000007a9bb00000,0x0000007a9bc00000] [id=17220]
  0x000001b24d9038a0 ConcurrentGCThread "G1 Refine#1" [stack: 0x0000007a9d400000,0x0000007a9d500000] [id=8612]
  0x000001b22ccbe500 ConcurrentGCThread "G1 Young RemSet Sampling" [stack: 0x0000007a9bc00000,0x0000007a9bd00000] [id=7932]

Threads with active compile tasks:

VM state: not at safepoint (normal execution)

VM Mutex/Monitor currently owned by a thread: None

Heap address: 0x0000000081400000, size: 2028 MB, Compressed Oops mode: 32-bit
CDS archive(s) mapped at: [0x0000000800000000-0x0000000800b50000-0x0000000800b50000), size 11862016, SharedBaseAddress: 0x0000000800000000, ArchiveRelocationMode: 0.
Compressed class space mapped at: 0x0000000800b50000-0x0000000840b50000, size: 1073741824
Narrow klass base: 0x0000000800000000, Narrow klass shift: 3, Narrow klass range: 0x100000000

GC Precious Log:
 CPUs: 8 total, 8 available
 Memory: 8107M
 Large Page Support: Disabled
 NUMA Support: Disabled
 Compressed Oops: Enabled (32-bit)
 Heap Region Size: 1M
 Heap Min Capacity: 8M
 Heap Initial Capacity: 128M
 Heap Max Capacity: 2028M
 Pre-touch: Disabled
 Parallel Workers: 8
 Concurrent Workers: 2
 Concurrent Refinement Workers: 8
 Periodic GC: Disabled

Heap:
 garbage-first heap   total 131072K, used 25500K [0x0000000081400000, 0x0000000100000000)
  region size 1024K, 16 young (16384K), 2 survivors (2048K)
 Metaspace       used 16244K, capacity 16805K, committed 17024K, reserved 1064960K
  class space    used 1573K, capacity 1653K, committed 1664K, reserved 1048576K

Heap Regions: E=young(eden), S=young(survivor), O=old, HS=humongous(starts), HC=humongous(continues), CS=collection set, F=free, OA=open archive, CA=closed archive, TAMS=top-at-mark-start (previous, next)
|   0|0x0000000081400000, 0x0000000081500000, 0x0000000081500000|100%|HS|  |TAMS 0x0000000081400000, 0x0000000081400000| Complete 
|   1|0x0000000081500000, 0x0000000081600000, 0x0000000081600000|100%|HC|  |TAMS 0x0000000081500000, 0x0000000081500000| Complete 
|   2|0x0000000081600000, 0x0000000081700000, 0x0000000081700000|100%| O|  |TAMS 0x0000000081600000, 0x0000000081600000| Untracked 
|   3|0x0000000081700000, 0x0000000081800000, 0x0000000081800000|100%| O|  |TAMS 0x0000000081700000, 0x0000000081700000| Untracked 
|   4|0x0000000081800000, 0x0000000081900000, 0x0000000081900000|100%| O|  |TAMS 0x0000000081800000, 0x0000000081800000| Untracked 
|   5|0x0000000081900000, 0x0000000081a00000, 0x0000000081a00000|100%| O|  |TAMS 0x0000000081900000, 0x0000000081900000| Untracked 
|   6|0x0000000081a00000, 0x0000000081b00000, 0x0000000081b00000|100%| O|  |TAMS 0x0000000081a00000, 0x0000000081a00000| Untracked 
|   7|0x0000000081b00000, 0x0000000081c00000, 0x0000000081c00000|100%| O|  |TAMS 0x0000000081b00000, 0x0000000081b00000| Untracked 
|   8|0x0000000081c00000, 0x0000000081d00000, 0x0000000081d00000|100%| O|  |TAMS 0x0000000081c00000, 0x0000000081c00000| Untracked 
|   9|0x0000000081d00000, 0x0000000081e00000, 0x0000000081e00000|100%| O|  |TAMS 0x0000000081d00000, 0x0000000081d00000| Untracked 
|  10|0x0000000081e00000, 0x0000000081e9ee00, 0x0000000081f00000| 62%| O|  |TAMS 0x0000000081e00000, 0x0000000081e00000| Untracked 
|  11|0x0000000081f00000, 0x0000000081f00000, 0x0000000082000000|  0%| F|  |TAMS 0x0000000081f00000, 0x0000000081f00000| Untracked 
|  12|0x0000000082000000, 0x0000000082000000, 0x0000000082100000|  0%| F|  |TAMS 0x0000000082000000, 0x0000000082000000| Untracked 
|  13|0x0000000082100000, 0x0000000082100000, 0x0000000082200000|  0%| F|  |TAMS 0x0000000082100000, 0x0000000082100000| Untracked 
|  14|0x0000000082200000, 0x0000000082200000, 0x0000000082300000|  0%| F|  |TAMS 0x0000000082200000, 0x0000000082200000| Untracked 
|  15|0x0000000082300000, 0x0000000082300000, 0x0000000082400000|  0%| F|  |TAMS 0x0000000082300000, 0x0000000082300000| Untracked 
|  16|0x0000000082400000, 0x0000000082400000, 0x0000000082500000|  0%| F|  |TAMS 0x0000000082400000, 0x0000000082400000| Untracked 
|  17|0x0000000082500000, 0x0000000082500000, 0x0000000082600000|  0%| F|  |TAMS 0x0000000082500000, 0x0000000082500000| Untracked 
|  18|0x0000000082600000, 0x0000000082600000, 0x0000000082700000|  0%| F|  |TAMS 0x0000000082600000, 0x0000000082600000| Untracked 
|  19|0x0000000082700000, 0x0000000082700000, 0x0000000082800000|  0%| F|  |TAMS 0x0000000082700000, 0x0000000082700000| Untracked 
|  20|0x0000000082800000, 0x0000000082800000, 0x0000000082900000|  0%| F|  |TAMS 0x0000000082800000, 0x0000000082800000| Untracked 
|  21|0x0000000082900000, 0x0000000082900000, 0x0000000082a00000|  0%| F|  |TAMS 0x0000000082900000, 0x0000000082900000| Untracked 
|  22|0x0000000082a00000, 0x0000000082a00000, 0x0000000082b00000|  0%| F|  |TAMS 0x0000000082a00000, 0x0000000082a00000| Untracked 
|  23|0x0000000082b00000, 0x0000000082b00000, 0x0000000082c00000|  0%| F|  |TAMS 0x0000000082b00000, 0x0000000082b00000| Untracked 
|  24|0x0000000082c00000, 0x0000000082c00000, 0x0000000082d00000|  0%| F|  |TAMS 0x0000000082c00000, 0x0000000082c00000| Untracked 
|  25|0x0000000082d00000, 0x0000000082d00000, 0x0000000082e00000|  0%| F|  |TAMS 0x0000000082d00000, 0x0000000082d00000| Untracked 
|  26|0x0000000082e00000, 0x0000000082e00000, 0x0000000082f00000|  0%| F|  |TAMS 0x0000000082e00000, 0x0000000082e00000| Untracked 
|  27|0x0000000082f00000, 0x0000000082f00000, 0x0000000083000000|  0%| F|  |TAMS 0x0000000082f00000, 0x0000000082f00000| Untracked 
|  28|0x0000000083000000, 0x0000000083000000, 0x0000000083100000|  0%| F|  |TAMS 0x0000000083000000, 0x0000000083000000| Untracked 
|  29|0x0000000083100000, 0x0000000083100000, 0x0000000083200000|  0%| F|  |TAMS 0x0000000083100000, 0x0000000083100000| Untracked 
|  30|0x0000000083200000, 0x0000000083200000, 0x0000000083300000|  0%| F|  |TAMS 0x0000000083200000, 0x0000000083200000| Untracked 
|  31|0x0000000083300000, 0x0000000083300000, 0x0000000083400000|  0%| F|  |TAMS 0x0000000083300000, 0x0000000083300000| Untracked 
|  32|0x0000000083400000, 0x0000000083400000, 0x0000000083500000|  0%| F|  |TAMS 0x0000000083400000, 0x0000000083400000| Untracked 
|  33|0x0000000083500000, 0x0000000083500000, 0x0000000083600000|  0%| F|  |TAMS 0x0000000083500000, 0x0000000083500000| Untracked 
|  34|0x0000000083600000, 0x0000000083600000, 0x0000000083700000|  0%| F|  |TAMS 0x0000000083600000, 0x0000000083600000| Untracked 
|  35|0x0000000083700000, 0x0000000083700000, 0x0000000083800000|  0%| F|  |TAMS 0x0000000083700000, 0x0000000083700000| Untracked 
|  36|0x0000000083800000, 0x0000000083800000, 0x0000000083900000|  0%| F|  |TAMS 0x0000000083800000, 0x0000000083800000| Untracked 
|  37|0x0000000083900000, 0x0000000083900000, 0x0000000083a00000|  0%| F|  |TAMS 0x0000000083900000, 0x0000000083900000| Untracked 
|  38|0x0000000083a00000, 0x0000000083a00000, 0x0000000083b00000|  0%| F|  |TAMS 0x0000000083a00000, 0x0000000083a00000| Untracked 
|  39|0x0000000083b00000, 0x0000000083b00000, 0x0000000083c00000|  0%| F|  |TAMS 0x0000000083b00000, 0x0000000083b00000| Untracked 
|  40|0x0000000083c00000, 0x0000000083c00000, 0x0000000083d00000|  0%| F|  |TAMS 0x0000000083c00000, 0x0000000083c00000| Untracked 
|  41|0x0000000083d00000, 0x0000000083d00000, 0x0000000083e00000|  0%| F|  |TAMS 0x0000000083d00000, 0x0000000083d00000| Untracked 
|  42|0x0000000083e00000, 0x0000000083e00000, 0x0000000083f00000|  0%| F|  |TAMS 0x0000000083e00000, 0x0000000083e00000| Untracked 
|  43|0x0000000083f00000, 0x0000000083f00000, 0x0000000084000000|  0%| F|  |TAMS 0x0000000083f00000, 0x0000000083f00000| Untracked 
|  44|0x0000000084000000, 0x0000000084000000, 0x0000000084100000|  0%| F|  |TAMS 0x0000000084000000, 0x0000000084000000| Untracked 
|  45|0x0000000084100000, 0x0000000084100000, 0x0000000084200000|  0%| F|  |TAMS 0x0000000084100000, 0x0000000084100000| Untracked 
|  46|0x0000000084200000, 0x0000000084200000, 0x0000000084300000|  0%| F|  |TAMS 0x0000000084200000, 0x0000000084200000| Untracked 
|  47|0x0000000084300000, 0x0000000084300000, 0x0000000084400000|  0%| F|  |TAMS 0x0000000084300000, 0x0000000084300000| Untracked 
|  48|0x0000000084400000, 0x0000000084400000, 0x0000000084500000|  0%| F|  |TAMS 0x0000000084400000, 0x0000000084400000| Untracked 
|  49|0x0000000084500000, 0x0000000084500000, 0x0000000084600000|  0%| F|  |TAMS 0x0000000084500000, 0x0000000084500000| Untracked 
|  50|0x0000000084600000, 0x0000000084600000, 0x0000000084700000|  0%| F|  |TAMS 0x0000000084600000, 0x0000000084600000| Untracked 
|  51|0x0000000084700000, 0x0000000084700000, 0x0000000084800000|  0%| F|  |TAMS 0x0000000084700000, 0x0000000084700000| Untracked 
|  52|0x0000000084800000, 0x0000000084800000, 0x0000000084900000|  0%| F|  |TAMS 0x0000000084800000, 0x0000000084800000| Untracked 
|  53|0x0000000084900000, 0x0000000084900000, 0x0000000084a00000|  0%| F|  |TAMS 0x0000000084900000, 0x0000000084900000| Untracked 
|  54|0x0000000084a00000, 0x0000000084a00000, 0x0000000084b00000|  0%| F|  |TAMS 0x0000000084a00000, 0x0000000084a00000| Untracked 
|  55|0x0000000084b00000, 0x0000000084b00000, 0x0000000084c00000|  0%| F|  |TAMS 0x0000000084b00000, 0x0000000084b00000| Untracked 
|  56|0x0000000084c00000, 0x0000000084c00000, 0x0000000084d00000|  0%| F|  |TAMS 0x0000000084c00000, 0x0000000084c00000| Untracked 
|  57|0x0000000084d00000, 0x0000000084d00000, 0x0000000084e00000|  0%| F|  |TAMS 0x0000000084d00000, 0x0000000084d00000| Untracked 
|  58|0x0000000084e00000, 0x0000000084e00000, 0x0000000084f00000|  0%| F|  |TAMS 0x0000000084e00000, 0x0000000084e00000| Untracked 
|  59|0x0000000084f00000, 0x0000000084f00000, 0x0000000085000000|  0%| F|  |TAMS 0x0000000084f00000, 0x0000000084f00000| Untracked 
|  60|0x0000000085000000, 0x0000000085000000, 0x0000000085100000|  0%| F|  |TAMS 0x0000000085000000, 0x0000000085000000| Untracked 
|  61|0x0000000085100000, 0x0000000085100000, 0x0000000085200000|  0%| F|  |TAMS 0x0000000085100000, 0x0000000085100000| Untracked 
|  62|0x0000000085200000, 0x0000000085200000, 0x0000000085300000|  0%| F|  |TAMS 0x0000000085200000, 0x0000000085200000| Untracked 
|  63|0x0000000085300000, 0x0000000085300000, 0x0000000085400000|  0%| F|  |TAMS 0x0000000085300000, 0x0000000085300000| Untracked 
|  64|0x0000000085400000, 0x0000000085400000, 0x0000000085500000|  0%| F|  |TAMS 0x0000000085400000, 0x0000000085400000| Untracked 
|  65|0x0000000085500000, 0x0000000085500000, 0x0000000085600000|  0%| F|  |TAMS 0x0000000085500000, 0x0000000085500000| Untracked 
|  66|0x0000000085600000, 0x0000000085600000, 0x0000000085700000|  0%| F|  |TAMS 0x0000000085600000, 0x0000000085600000| Untracked 
|  67|0x0000000085700000, 0x0000000085700000, 0x0000000085800000|  0%| F|  |TAMS 0x0000000085700000, 0x0000000085700000| Untracked 
|  68|0x0000000085800000, 0x0000000085800000, 0x0000000085900000|  0%| F|  |TAMS 0x0000000085800000, 0x0000000085800000| Untracked 
|  69|0x0000000085900000, 0x0000000085900000, 0x0000000085a00000|  0%| F|  |TAMS 0x0000000085900000, 0x0000000085900000| Untracked 
|  70|0x0000000085a00000, 0x0000000085a00000, 0x0000000085b00000|  0%| F|  |TAMS 0x0000000085a00000, 0x0000000085a00000| Untracked 
|  71|0x0000000085b00000, 0x0000000085b00000, 0x0000000085c00000|  0%| F|  |TAMS 0x0000000085b00000, 0x0000000085b00000| Untracked 
|  72|0x0000000085c00000, 0x0000000085c00000, 0x0000000085d00000|  0%| F|  |TAMS 0x0000000085c00000, 0x0000000085c00000| Untracked 
|  73|0x0000000085d00000, 0x0000000085d00000, 0x0000000085e00000|  0%| F|  |TAMS 0x0000000085d00000, 0x0000000085d00000| Untracked 
|  74|0x0000000085e00000, 0x0000000085e00000, 0x0000000085f00000|  0%| F|  |TAMS 0x0000000085e00000, 0x0000000085e00000| Untracked 
|  75|0x0000000085f00000, 0x0000000085f00000, 0x0000000086000000|  0%| F|  |TAMS 0x0000000085f00000, 0x0000000085f00000| Untracked 
|  76|0x0000000086000000, 0x0000000086000000, 0x0000000086100000|  0%| F|  |TAMS 0x0000000086000000, 0x0000000086000000| Untracked 
|  77|0x0000000086100000, 0x0000000086100000, 0x0000000086200000|  0%| F|  |TAMS 0x0000000086100000, 0x0000000086100000| Untracked 
|  78|0x0000000086200000, 0x0000000086200000, 0x0000000086300000|  0%| F|  |TAMS 0x0000000086200000, 0x0000000086200000| Untracked 
|  79|0x0000000086300000, 0x0000000086300000, 0x0000000086400000|  0%| F|  |TAMS 0x0000000086300000, 0x0000000086300000| Untracked 
|  80|0x0000000086400000, 0x0000000086400000, 0x0000000086500000|  0%| F|  |TAMS 0x0000000086400000, 0x0000000086400000| Untracked 
|  81|0x0000000086500000, 0x0000000086500000, 0x0000000086600000|  0%| F|  |TAMS 0x0000000086500000, 0x0000000086500000| Untracked 
|  82|0x0000000086600000, 0x0000000086600000, 0x0000000086700000|  0%| F|  |TAMS 0x0000000086600000, 0x0000000086600000| Untracked 
|  83|0x0000000086700000, 0x0000000086700000, 0x0000000086800000|  0%| F|  |TAMS 0x0000000086700000, 0x0000000086700000| Untracked 
|  84|0x0000000086800000, 0x0000000086800000, 0x0000000086900000|  0%| F|  |TAMS 0x0000000086800000, 0x0000000086800000| Untracked 
|  85|0x0000000086900000, 0x0000000086900000, 0x0000000086a00000|  0%| F|  |TAMS 0x0000000086900000, 0x0000000086900000| Untracked 
|  86|0x0000000086a00000, 0x0000000086a48288, 0x0000000086b00000| 28%| S|CS|TAMS 0x0000000086a00000, 0x0000000086a00000| Complete 
|  87|0x0000000086b00000, 0x0000000086c00000, 0x0000000086c00000|100%| S|CS|TAMS 0x0000000086b00000, 0x0000000086b00000| Complete 
|  88|0x0000000086c00000, 0x0000000086c00000, 0x0000000086d00000|  0%| F|  |TAMS 0x0000000086c00000, 0x0000000086c00000| Untracked 
|  89|0x0000000086d00000, 0x0000000086d00000, 0x0000000086e00000|  0%| F|  |TAMS 0x0000000086d00000, 0x0000000086d00000| Untracked 
|  90|0x0000000086e00000, 0x0000000086e00000, 0x0000000086f00000|  0%| F|  |TAMS 0x0000000086e00000, 0x0000000086e00000| Untracked 
|  91|0x0000000086f00000, 0x0000000086f00000, 0x0000000087000000|  0%| F|  |TAMS 0x0000000086f00000, 0x0000000086f00000| Untracked 
|  92|0x0000000087000000, 0x0000000087000000, 0x0000000087100000|  0%| F|  |TAMS 0x0000000087000000, 0x0000000087000000| Untracked 
|  93|0x0000000087100000, 0x0000000087100000, 0x0000000087200000|  0%| F|  |TAMS 0x0000000087100000, 0x0000000087100000| Untracked 
|  94|0x0000000087200000, 0x0000000087200000, 0x0000000087300000|  0%| F|  |TAMS 0x0000000087200000, 0x0000000087200000| Untracked 
|  95|0x0000000087300000, 0x0000000087300000, 0x0000000087400000|  0%| F|  |TAMS 0x0000000087300000, 0x0000000087300000| Untracked 
|  96|0x0000000087400000, 0x0000000087400000, 0x0000000087500000|  0%| F|  |TAMS 0x0000000087400000, 0x0000000087400000| Untracked 
|  97|0x0000000087500000, 0x0000000087500000, 0x0000000087600000|  0%| F|  |TAMS 0x0000000087500000, 0x0000000087500000| Untracked 
|  98|0x0000000087600000, 0x0000000087600000, 0x0000000087700000|  0%| F|  |TAMS 0x0000000087600000, 0x0000000087600000| Untracked 
|  99|0x0000000087700000, 0x0000000087700000, 0x0000000087800000|  0%| F|  |TAMS 0x0000000087700000, 0x0000000087700000| Untracked 
| 100|0x0000000087800000, 0x0000000087800000, 0x0000000087900000|  0%| F|  |TAMS 0x0000000087800000, 0x0000000087800000| Untracked 
| 101|0x0000000087900000, 0x0000000087900000, 0x0000000087a00000|  0%| F|  |TAMS 0x0000000087900000, 0x0000000087900000| Untracked 
| 102|0x0000000087a00000, 0x0000000087a00000, 0x0000000087b00000|  0%| F|  |TAMS 0x0000000087a00000, 0x0000000087a00000| Untracked 
| 103|0x0000000087b00000, 0x0000000087b00000, 0x0000000087c00000|  0%| F|  |TAMS 0x0000000087b00000, 0x0000000087b00000| Untracked 
| 104|0x0000000087c00000, 0x0000000087c00000, 0x0000000087d00000|  0%| F|  |TAMS 0x0000000087c00000, 0x0000000087c00000| Untracked 
| 105|0x0000000087d00000, 0x0000000087d00000, 0x0000000087e00000|  0%| F|  |TAMS 0x0000000087d00000, 0x0000000087d00000| Untracked 
| 106|0x0000000087e00000, 0x0000000087e00000, 0x0000000087f00000|  0%| F|  |TAMS 0x0000000087e00000, 0x0000000087e00000| Untracked 
| 107|0x0000000087f00000, 0x0000000087f00000, 0x0000000088000000|  0%| F|  |TAMS 0x0000000087f00000, 0x0000000087f00000| Untracked 
| 108|0x0000000088000000, 0x0000000088000000, 0x0000000088100000|  0%| F|  |TAMS 0x0000000088000000, 0x0000000088000000| Untracked 
| 109|0x0000000088100000, 0x0000000088100000, 0x0000000088200000|  0%| F|  |TAMS 0x0000000088100000, 0x0000000088100000| Untracked 
| 110|0x0000000088200000, 0x0000000088200000, 0x0000000088300000|  0%| F|  |TAMS 0x0000000088200000, 0x0000000088200000| Untracked 
| 111|0x0000000088300000, 0x0000000088300000, 0x0000000088400000|  0%| F|  |TAMS 0x0000000088300000, 0x0000000088300000| Untracked 
| 112|0x0000000088400000, 0x0000000088400000, 0x0000000088500000|  0%| F|  |TAMS 0x0000000088400000, 0x0000000088400000| Untracked 
| 113|0x0000000088500000, 0x0000000088500000, 0x0000000088600000|  0%| F|  |TAMS 0x0000000088500000, 0x0000000088500000| Untracked 
| 114|0x0000000088600000, 0x00000000886fd320, 0x0000000088700000| 98%| E|  |TAMS 0x0000000088600000, 0x0000000088600000| Complete 
| 115|0x0000000088700000, 0x0000000088800000, 0x0000000088800000|100%| E|CS|TAMS 0x0000000088700000, 0x0000000088700000| Complete 
| 116|0x0000000088800000, 0x0000000088900000, 0x0000000088900000|100%| E|CS|TAMS 0x0000000088800000, 0x0000000088800000| Complete 
| 117|0x0000000088900000, 0x0000000088a00000, 0x0000000088a00000|100%| E|CS|TAMS 0x0000000088900000, 0x0000000088900000| Complete 
| 118|0x0000000088a00000, 0x0000000088b00000, 0x0000000088b00000|100%| E|CS|TAMS 0x0000000088a00000, 0x0000000088a00000| Complete 
| 119|0x0000000088b00000, 0x0000000088c00000, 0x0000000088c00000|100%| E|CS|TAMS 0x0000000088b00000, 0x0000000088b00000| Complete 
| 120|0x0000000088c00000, 0x0000000088d00000, 0x0000000088d00000|100%| E|CS|TAMS 0x0000000088c00000, 0x0000000088c00000| Complete 
| 121|0x0000000088d00000, 0x0000000088e00000, 0x0000000088e00000|100%| E|CS|TAMS 0x0000000088d00000, 0x0000000088d00000| Complete 
| 122|0x0000000088e00000, 0x0000000088f00000, 0x0000000088f00000|100%| E|CS|TAMS 0x0000000088e00000, 0x0000000088e00000| Complete 
| 123|0x0000000088f00000, 0x0000000089000000, 0x0000000089000000|100%| E|CS|TAMS 0x0000000088f00000, 0x0000000088f00000| Complete 
| 124|0x0000000089000000, 0x0000000089100000, 0x0000000089100000|100%| E|CS|TAMS 0x0000000089000000, 0x0000000089000000| Complete 
| 125|0x0000000089100000, 0x0000000089200000, 0x0000000089200000|100%| E|CS|TAMS 0x0000000089100000, 0x0000000089100000| Complete 
| 126|0x0000000089200000, 0x0000000089300000, 0x0000000089300000|100%| E|CS|TAMS 0x0000000089200000, 0x0000000089200000| Complete 
| 127|0x0000000089300000, 0x0000000089400000, 0x0000000089400000|100%| E|CS|TAMS 0x0000000089300000, 0x0000000089300000| Complete 

Card table byte_map: [0x000001b244560000,0x000001b244960000] _byte_map_base: 0x000001b244156000

Marking Bits (Prev, Next): (CMBitMap*) 0x000001b22cc51c20, (CMBitMap*) 0x000001b22cc51c60
 Prev Bits: [0x000001b244d60000, 0x000001b246d10000)
 Next Bits: [0x000001b246d10000, 0x000001b248cc0000)

Polling page: 0x000001b22ab30000

Metaspace:

Usage:
  Non-class:     14.80 MB capacity,    14.33 MB ( 97%) used,   465.27 KB (  3%) free+waste,    15.88 KB ( <1%) overhead. 
      Class:      1.61 MB capacity,     1.54 MB ( 95%) used,    73.77 KB (  4%) free+waste,     5.25 KB ( <1%) overhead. 
       Both:     16.41 MB capacity,    15.86 MB ( 97%) used,   539.05 KB (  3%) free+waste,    21.13 KB ( <1%) overhead. 

Virtual space:
  Non-class space:       16.00 MB reserved,      15.00 MB ( 94%) committed 
      Class space:        1.00 GB reserved,       1.63 MB ( <1%) committed 
             Both:        1.02 GB reserved,      16.63 MB (  2%) committed 

Chunk freelists:
   Non-Class:  80.00 KB
       Class:  11.00 KB
        Both:  91.00 KB

MaxMetaspaceSize: 17179869184.00 GB
CompressedClassSpaceSize: 1.00 GB

CodeHeap 'non-profiled nmethods': size=120000Kb used=1089Kb max_used=1089Kb free=118910Kb
 bounds [0x000001b23c8e0000, 0x000001b23cb50000, 0x000001b243e10000]
CodeHeap 'profiled nmethods': size=120000Kb used=4211Kb max_used=4211Kb free=115788Kb
 bounds [0x000001b2353b0000, 0x000001b2357d0000, 0x000001b23c8e0000]
CodeHeap 'non-nmethods': size=5760Kb used=1697Kb max_used=1739Kb free=4062Kb
 bounds [0x000001b234e10000, 0x000001b235080000, 0x000001b2353b0000]
 total_blobs=3050 nmethods=1989 adapters=974
 compilation: enabled
              stopped_count=0, restarted_count=0
 full_count=0

Compilation events (20 events):
Event: 2.510 Thread 0x000001b24b725af0 nmethod 1983 0x000001b2357c7e10 code [0x000001b2357c81c0, 0x000001b2357c9508]
Event: 2.510 Thread 0x000001b24b725af0 1984       3       java.util.ArrayList$SubList::<init> (35 bytes)
Event: 2.510 Thread 0x000001b24b725af0 nmethod 1984 0x000001b2357c9c10 code [0x000001b2357c9dc0, 0x000001b2357ca078]
Event: 2.510 Thread 0x000001b24b725af0 1982       3       java.util.ArrayList::subList (20 bytes)
Event: 2.510 Thread 0x000001b24b725af0 nmethod 1982 0x000001b2357ca190 code [0x000001b2357ca360, 0x000001b2357ca728]
Event: 2.510 Thread 0x000001b24b725af0 1985       3       java.util.ArrayList$SubList::toArray (79 bytes)
Event: 2.510 Thread 0x000001b24b720a40 1990       4       java.lang.ClassLoader::checkName (37 bytes)
Event: 2.510 Thread 0x000001b24b725af0 nmethod 1985 0x000001b2357ca890 code [0x000001b2357caa80, 0x000001b2357cb188]
Event: 2.510 Thread 0x000001b24b725af0 1986       3       java.util.ArrayList$SubList::checkForComodification (23 bytes)
Event: 2.510 Thread 0x000001b24b725af0 nmethod 1986 0x000001b2357cb390 code [0x000001b2357cb540, 0x000001b2357cb768]
Event: 2.511 Thread 0x000001b24b725af0 1981       3       org.nd4j.linalg.api.ops.CustomOpDescriptor::builder (8 bytes)
Event: 2.511 Thread 0x000001b24b725af0 nmethod 1981 0x000001b2357cb890 code [0x000001b2357cba40, 0x000001b2357cbc38]
Event: 2.511 Thread 0x000001b24b725af0 1988       3       java.lang.Long::valueOf (10 bytes)
Event: 2.511 Thread 0x000001b24b725af0 nmethod 1988 0x000001b2357cbd10 code [0x000001b2357cbec0, 0x000001b2357cbff8]
Event: 2.511 Thread 0x000001b24b725af0 1987       3       org.nd4j.linalg.api.ops.CustomOpDescriptor$CustomOpDescriptorBuilder::<init> (5 bytes)
Event: 2.511 Thread 0x000001b24b725af0 nmethod 1987 0x000001b2357cc090 code [0x000001b2357cc220, 0x000001b2357cc378]
Event: 2.511 Thread 0x000001b24b725af0 1989       3       org.nd4j.common.base.Preconditions::checkArgument (13 bytes)
Event: 2.511 Thread 0x000001b24b725af0 nmethod 1989 0x000001b2357cc410 code [0x000001b2357cc5e0, 0x000001b2357cc8f8]
Event: 2.511 Thread 0x000001b24b725af0 1991       3       java.util.concurrent.atomic.AtomicBoolean::get (13 bytes)
Event: 2.511 Thread 0x000001b24b725af0 nmethod 1991 0x000001b2357cca10 code [0x000001b2357ccba0, 0x000001b2357cccf8]

GC Heap History (6 events):
Event: 0.550 GC heap before
{Heap before GC invocations=0 (full 0):
 garbage-first heap   total 131072K, used 24576K [0x0000000081400000, 0x0000000100000000)
  region size 1024K, 23 young (23552K), 0 survivors (0K)
 Metaspace       used 3945K, capacity 6546K, committed 6784K, reserved 1056768K
  class space    used 367K, capacity 603K, committed 640K, reserved 1048576K
}
Event: 0.557 GC heap after
{Heap after GC invocations=1 (full 0):
 garbage-first heap   total 131072K, used 10711K [0x0000000081400000, 0x0000000100000000)
  region size 1024K, 3 young (3072K), 3 survivors (3072K)
 Metaspace       used 3945K, capacity 6546K, committed 6784K, reserved 1056768K
  class space    used 367K, capacity 603K, committed 640K, reserved 1048576K
}
Event: 1.042 GC heap before
{Heap before GC invocations=1 (full 0):
 garbage-first heap   total 131072K, used 28119K [0x0000000081400000, 0x0000000100000000)
  region size 1024K, 21 young (21504K), 3 survivors (3072K)
 Metaspace       used 6824K, capacity 8421K, committed 8576K, reserved 1056768K
  class space    used 639K, capacity 782K, committed 896K, reserved 1048576K
}
Event: 1.046 GC heap after
{Heap after GC invocations=2 (full 0):
 garbage-first heap   total 131072K, used 13201K [0x0000000081400000, 0x0000000100000000)
  region size 1024K, 3 young (3072K), 3 survivors (3072K)
 Metaspace       used 6824K, capacity 8421K, committed 8576K, reserved 1056768K
  class space    used 639K, capacity 782K, committed 896K, reserved 1048576K
}
Event: 2.157 GC heap before
{Heap before GC invocations=2 (full 0):
 garbage-first heap   total 131072K, used 57233K [0x0000000081400000, 0x0000000100000000)
  region size 1024K, 40 young (40960K), 3 survivors (3072K)
 Metaspace       used 14806K, capacity 15917K, committed 16256K, reserved 1064960K
  class space    used 1428K, capacity 1551K, committed 1664K, reserved 1048576K
}
Event: 2.160 GC heap after
{Heap after GC invocations=3 (full 0):
 garbage-first heap   total 131072K, used 12188K [0x0000000081400000, 0x0000000100000000)
  region size 1024K, 2 young (2048K), 2 survivors (2048K)
 Metaspace       used 14806K, capacity 15917K, committed 16256K, reserved 1064960K
  class space    used 1428K, capacity 1551K, committed 1664K, reserved 1048576K
}

Deoptimization events (20 events):
Event: 2.067 Thread 0x000001b24c7fc5c0 Uncommon trap: trap_request=0xfffffff4 fr.pc=0x000001b23c9c3dbc relative=0x00000000000003fc
Event: 2.067 Thread 0x000001b24c7fc5c0 Uncommon trap: reason=null_check action=make_not_entrant pc=0x000001b23c9c3dbc method=sun.nio.fs.NativeBuffers.getNativeBufferFromCache(I)Lsun/nio/fs/NativeBuffer; @ 6 c2
Event: 2.067 Thread 0x000001b24c7fc5c0 DEOPT PACKING pc=0x000001b23c9c3dbc sp=0x0000007a9cbfd130
Event: 2.067 Thread 0x000001b24c7fc5c0 DEOPT UNPACKING pc=0x000001b234e5e42f sp=0x0000007a9cbfd0f0 mode 2
Event: 2.196 Thread 0x000001b24c811940 Uncommon trap: trap_request=0xffffff45 fr.pc=0x000001b23c9652bc relative=0x000000000000059c
Event: 2.196 Thread 0x000001b24c811940 Uncommon trap: reason=unstable_if action=reinterpret pc=0x000001b23c9652bc method=java.lang.Integer.getChars(II[B)I @ 25 c2
Event: 2.196 Thread 0x000001b24c811940 DEOPT PACKING pc=0x000001b23c9652bc sp=0x0000007a9cafd420
Event: 2.196 Thread 0x000001b24c811940 DEOPT UNPACKING pc=0x000001b234e5e42f sp=0x0000007a9cafd310 mode 2
Event: 2.197 Thread 0x000001b24c7fca90 Uncommon trap: trap_request=0xffffff45 fr.pc=0x000001b23c964538 relative=0x0000000000000598
Event: 2.197 Thread 0x000001b24c7fca90 Uncommon trap: reason=unstable_if action=reinterpret pc=0x000001b23c964538 method=java.lang.Integer.getChars(II[B)I @ 25 c2
Event: 2.197 Thread 0x000001b24c7fca90 DEOPT PACKING pc=0x000001b23c964538 sp=0x0000007a9ccfd6f0
Event: 2.197 Thread 0x000001b24c7fca90 DEOPT UNPACKING pc=0x000001b234e5e42f sp=0x0000007a9ccfd648 mode 2
Event: 2.219 Thread 0x000001b24dfcc310 Uncommon trap: trap_request=0xffffff45 fr.pc=0x000001b23c92cff8 relative=0x00000000000001d8
Event: 2.219 Thread 0x000001b24dfcc310 Uncommon trap: reason=unstable_if action=reinterpret pc=0x000001b23c92cff8 method=java.lang.String.startsWith(Ljava/lang/String;I)Z @ 1 c2
Event: 2.219 Thread 0x000001b24dfcc310 DEOPT PACKING pc=0x000001b23c92cff8 sp=0x0000007a9f0fcfb0
Event: 2.219 Thread 0x000001b24dfcc310 DEOPT UNPACKING pc=0x000001b234e5e42f sp=0x0000007a9f0fcf18 mode 2
Event: 2.224 Thread 0x000001b24dfcc310 Uncommon trap: trap_request=0xffffff45 fr.pc=0x000001b23c96d348 relative=0x0000000000000748
Event: 2.224 Thread 0x000001b24dfcc310 Uncommon trap: reason=unstable_if action=reinterpret pc=0x000001b23c96d348 method=java.util.HashMap.putVal(ILjava/lang/Object;Ljava/lang/Object;ZZ)Ljava/lang/Object; @ 181 c2
Event: 2.224 Thread 0x000001b24dfcc310 DEOPT PACKING pc=0x000001b23c96d348 sp=0x0000007a9f0fdac0
Event: 2.224 Thread 0x000001b24dfcc310 DEOPT UNPACKING pc=0x000001b234e5e42f sp=0x0000007a9f0fd9e8 mode 2

Classes unloaded (0 events):
No events

Classes redefined (0 events):
No events

Internal exceptions (20 events):
Event: 2.495 Thread 0x000001b24dfce4c0 Exception <a 'sun/nio/fs/WindowsException'{0x0000000088654818}> (0x0000000088654818) 
thrown [./open/src/hotspot/share/prims/jni.cpp, line 578]
Event: 2.495 Thread 0x000001b24dfce4c0 Exception <a 'sun/nio/fs/WindowsException'{0x0000000088654848}> (0x0000000088654848) 
thrown [./open/src/hotspot/share/prims/jni.cpp, line 578]
Event: 2.496 Thread 0x000001b24dfce4c0 Exception <a 'sun/nio/fs/WindowsException'{0x0000000088655cb8}> (0x0000000088655cb8) 
thrown [./open/src/hotspot/share/prims/jni.cpp, line 578]
Event: 2.496 Thread 0x000001b24dfce4c0 Exception <a 'sun/nio/fs/WindowsException'{0x0000000088655ce8}> (0x0000000088655ce8) 
thrown [./open/src/hotspot/share/prims/jni.cpp, line 578]
Event: 2.496 Thread 0x000001b24dfce4c0 Exception <a 'sun/nio/fs/WindowsException'{0x0000000088657110}> (0x0000000088657110) 
thrown [./open/src/hotspot/share/prims/jni.cpp, line 578]
Event: 2.496 Thread 0x000001b24dfce4c0 Exception <a 'sun/nio/fs/WindowsException'{0x0000000088657140}> (0x0000000088657140) 
thrown [./open/src/hotspot/share/prims/jni.cpp, line 578]
Event: 2.497 Thread 0x000001b24dfce4c0 Exception <a 'sun/nio/fs/WindowsException'{0x00000000886585e8}> (0x00000000886585e8) 
thrown [./open/src/hotspot/share/prims/jni.cpp, line 578]
Event: 2.497 Thread 0x000001b24dfce4c0 Exception <a 'sun/nio/fs/WindowsException'{0x0000000088658618}> (0x0000000088658618) 
thrown [./open/src/hotspot/share/prims/jni.cpp, line 578]
Event: 2.497 Thread 0x000001b24dfce4c0 Exception <a 'sun/nio/fs/WindowsException'{0x0000000088659918}> (0x0000000088659918) 
thrown [./open/src/hotspot/share/prims/jni.cpp, line 578]
Event: 2.497 Thread 0x000001b24dfce4c0 Exception <a 'sun/nio/fs/WindowsException'{0x0000000088659948}> (0x0000000088659948) 
thrown [./open/src/hotspot/share/prims/jni.cpp, line 578]
Event: 2.498 Thread 0x000001b24dfce4c0 Exception <a 'sun/nio/fs/WindowsException'{0x000000008865ac90}> (0x000000008865ac90) 
thrown [./open/src/hotspot/share/prims/jni.cpp, line 578]
Event: 2.498 Thread 0x000001b24dfce4c0 Exception <a 'sun/nio/fs/WindowsException'{0x000000008865acc0}> (0x000000008865acc0) 
thrown [./open/src/hotspot/share/prims/jni.cpp, line 578]
Event: 2.498 Thread 0x000001b24dfce4c0 Exception <a 'sun/nio/fs/WindowsException'{0x000000008865bfc0}> (0x000000008865bfc0) 
thrown [./open/src/hotspot/share/prims/jni.cpp, line 578]
Event: 2.498 Thread 0x000001b24dfce4c0 Exception <a 'sun/nio/fs/WindowsException'{0x000000008865bff0}> (0x000000008865bff0) 
thrown [./open/src/hotspot/share/prims/jni.cpp, line 578]
Event: 2.499 Thread 0x000001b24dfce4c0 Exception <a 'sun/nio/fs/WindowsException'{0x000000008865d318}> (0x000000008865d318) 
thrown [./open/src/hotspot/share/prims/jni.cpp, line 578]
Event: 2.499 Thread 0x000001b24dfce4c0 Exception <a 'sun/nio/fs/WindowsException'{0x000000008865d348}> (0x000000008865d348) 
thrown [./open/src/hotspot/share/prims/jni.cpp, line 578]
Event: 2.499 Thread 0x000001b24dfce4c0 Exception <a 'sun/nio/fs/WindowsException'{0x000000008865e648}> (0x000000008865e648) 
thrown [./open/src/hotspot/share/prims/jni.cpp, line 578]
Event: 2.499 Thread 0x000001b24dfce4c0 Exception <a 'sun/nio/fs/WindowsException'{0x000000008865e678}> (0x000000008865e678) 
thrown [./open/src/hotspot/share/prims/jni.cpp, line 578]
Event: 2.500 Thread 0x000001b24dfce4c0 Exception <a 'sun/nio/fs/WindowsException'{0x000000008865fa10}> (0x000000008865fa10) 
thrown [./open/src/hotspot/share/prims/jni.cpp, line 578]
Event: 2.500 Thread 0x000001b24dfce4c0 Exception <a 'sun/nio/fs/WindowsException'{0x000000008865fa40}> (0x000000008865fa40) 
thrown [./open/src/hotspot/share/prims/jni.cpp, line 578]

Events (20 events):
Event: 2.299 Executing VM operation: HandshakeAllThreads
Event: 2.299 Executing VM operation: HandshakeAllThreads done
Event: 2.306 loading class sun/security/provider/AbstractDrbg$NonceProvider
Event: 2.306 loading class sun/security/provider/AbstractDrbg$NonceProvider done
Event: 2.306 loading class sun/security/provider/SHA2$SHA256
Event: 2.306 loading class sun/security/provider/SHA2
Event: 2.306 loading class sun/security/provider/SHA2 done
Event: 2.306 loading class sun/security/provider/SHA2$SHA256 done
Event: 2.451 Thread 0x000001b24dfce990 Thread added: 0x000001b24dfce990
Event: 2.451 Thread 0x000001b24dfcb4a0 Thread added: 0x000001b24dfcb4a0
Event: 2.452 Thread 0x000001b24dfcb970 Thread added: 0x000001b24dfcb970
Event: 2.453 Thread 0x000001b24e013070 Thread added: 0x000001b24e013070
Event: 2.455 Thread 0x000001b24e016f00 Thread added: 0x000001b24e016f00
Event: 2.459 Loaded shared library C:\Users\Rui Menoita\.javacpp\cache\javacpp-1.5.3-windows-x86_64.jar\org\bytedeco\javacpp\windows-x86_64\api-ms-win-crt-locale-l1-1-0.dll
Event: 2.459 Loaded shared library C:\Users\Rui Menoita\.javacpp\cache\javacpp-1.5.3-windows-x86_64.jar\org\bytedeco\javacpp\windows-x86_64\api-ms-win-crt-stdio-l1-1-0.dll
Event: 2.461 Thread 0x000001b24e015bc0 Thread added: 0x000001b24e015bc0
Event: 2.461 Thread 0x000001b24e013540 Thread added: 0x000001b24e013540
Event: 2.462 Loaded shared library C:\Users\Rui Menoita\.javacpp\cache\javacpp-1.5.3-windows-x86_64.jar\org\bytedeco\javacpp\windows-x86_64\api-ms-win-core-processthreads-l1-1-0.dll
Event: 2.464 Thread 0x000001b24e018240 Thread added: 0x000001b24e018240
Event: 2.466 Loaded shared library C:\Users\Rui Menoita\.javacpp\cache\openblas-0.3.9-1-1.5.3-windows-x86_64.jar\org\bytedeco\openblas\windows-x86_64\jniopenblas_nolapack.dll


Dynamic libraries:
0x00007ff7e6e40000 - 0x00007ff7e6e4d000 	C:\Program Files\Java\jdk-15.0.1\bin\javaw.exe
0x00007ffabddc0000 - 0x00007ffabdfb0000 	C:\WINDOWS\SYSTEM32\ntdll.dll
0x00007ffabd0d0000 - 0x00007ffabd182000 	C:\WINDOWS\System32\KERNEL32.DLL
0x00007ffabb7c0000 - 0x00007ffabba65000 	C:\WINDOWS\System32\KERNELBASE.dll
0x00007ffabbb10000 - 0x00007ffabbc0a000 	C:\WINDOWS\System32\ucrtbase.dll
0x00007ffa96ad0000 - 0x00007ffa96ae8000 	C:\Program Files\Java\jdk-15.0.1\bin\jli.dll
0x00007ffabbf80000 - 0x00007ffabc114000 	C:\WINDOWS\System32\USER32.dll
0x00007ffabad80000 - 0x00007ffabada1000 	C:\WINDOWS\System32\win32u.dll
0x00007ffab4410000 - 0x00007ffab4429000 	C:\Program Files\Java\jdk-15.0.1\bin\VCRUNTIME140.dll
0x00007ffaa5c60000 - 0x00007ffaa5ee4000 	C:\WINDOWS\WinSxS\amd64_microsoft.windows.common-controls_6595b64144ccf1df_6.0.18362.1256_none_9e7e379be45e40e2\COMCTL32.dll
0x00007ffabc8c0000 - 0x00007ffabc95e000 	C:\WINDOWS\System32\msvcrt.dll
0x00007ffabd480000 - 0x00007ffabd4a6000 	C:\WINDOWS\System32\GDI32.dll
0x00007ffabc160000 - 0x00007ffabc496000 	C:\WINDOWS\System32\combase.dll
0x00007ffabb540000 - 0x00007ffabb6d6000 	C:\WINDOWS\System32\gdi32full.dll
0x00007ffabd360000 - 0x00007ffabd480000 	C:\WINDOWS\System32\RPCRT4.dll
0x00007ffabba70000 - 0x00007ffabbb0e000 	C:\WINDOWS\System32\msvcp_win.dll
0x00007ffabbdc0000 - 0x00007ffabbe41000 	C:\WINDOWS\System32\bcryptPrimitives.dll
0x00007ffabc130000 - 0x00007ffabc15e000 	C:\WINDOWS\System32\IMM32.DLL
0x00007ffab7790000 - 0x00007ffab779c000 	C:\Program Files\Java\jdk-15.0.1\bin\vcruntime140_1.dll
0x00007ffa958c0000 - 0x00007ffa95951000 	C:\Program Files\Java\jdk-15.0.1\bin\msvcp140.dll
0x00007ffa7aa20000 - 0x00007ffa7b57e000 	C:\Program Files\Java\jdk-15.0.1\bin\server\jvm.dll
0x00007ffabc810000 - 0x00007ffabc8b3000 	C:\WINDOWS\System32\ADVAPI32.dll
0x00007ffabd530000 - 0x00007ffabd5c7000 	C:\WINDOWS\System32\sechost.dll
0x00007ffabc120000 - 0x00007ffabc128000 	C:\WINDOWS\System32\PSAPI.DLL
0x00007ffab3790000 - 0x00007ffab3799000 	C:\WINDOWS\SYSTEM32\WSOCK32.dll
0x00007ffab63e0000 - 0x00007ffab6404000 	C:\WINDOWS\SYSTEM32\WINMM.dll
0x00007ffab2870000 - 0x00007ffab287a000 	C:\WINDOWS\SYSTEM32\VERSION.dll
0x00007ffabd2e0000 - 0x00007ffabd34f000 	C:\WINDOWS\System32\WS2_32.dll
0x00007ffab63b0000 - 0x00007ffab63dd000 	C:\WINDOWS\SYSTEM32\winmmbase.dll
0x00007ffabad30000 - 0x00007ffabad7a000 	C:\WINDOWS\System32\cfgmgr32.dll
0x00007ffabad10000 - 0x00007ffabad21000 	C:\WINDOWS\System32\kernel.appcore.dll
0x00007ffaafc00000 - 0x00007ffaafc0a000 	C:\Program Files\Java\jdk-15.0.1\bin\jimage.dll
0x00007ffab9550000 - 0x00007ffab9744000 	C:\WINDOWS\SYSTEM32\DBGHELP.DLL
0x00007ffaa5070000 - 0x00007ffaa509a000 	C:\WINDOWS\SYSTEM32\dbgcore.DLL
0x00007ffa89190000 - 0x00007ffa891b5000 	C:\Program Files\Java\jdk-15.0.1\bin\java.dll
0x00007ffabc9e0000 - 0x00007ffabd0c7000 	C:\WINDOWS\System32\SHELL32.dll
0x00007ffabdba0000 - 0x00007ffabdc49000 	C:\WINDOWS\System32\shcore.dll
0x00007ffabadb0000 - 0x00007ffabb531000 	C:\WINDOWS\System32\windows.storage.dll
0x00007ffabac90000 - 0x00007ffabacb3000 	C:\WINDOWS\System32\profapi.dll
0x00007ffabacc0000 - 0x00007ffabad0a000 	C:\WINDOWS\System32\powrprof.dll
0x00007ffabac60000 - 0x00007ffabac70000 	C:\WINDOWS\System32\UMPDC.dll
0x00007ffabdd20000 - 0x00007ffabdd72000 	C:\WINDOWS\System32\shlwapi.dll
0x00007ffabbe50000 - 0x00007ffabbe67000 	C:\WINDOWS\System32\cryptsp.dll
0x00007ffa89170000 - 0x00007ffa89189000 	C:\Program Files\Java\jdk-15.0.1\bin\net.dll
0x00007ffab50d0000 - 0x00007ffab51c0000 	C:\WINDOWS\SYSTEM32\WINHTTP.dll
0x00007ffaba4b0000 - 0x00007ffaba517000 	C:\WINDOWS\system32\mswsock.dll
0x00007ffa7a960000 - 0x00007ffa7a972000 	C:\Program Files\Java\jdk-15.0.1\bin\nio.dll
0x00007ffa94e70000 - 0x00007ffa94e88000 	C:\Program Files\Java\jdk-15.0.1\bin\zip.dll
0x00007ffa93660000 - 0x00007ffa93670000 	C:\Program Files\Java\jdk-15.0.1\bin\verify.dll
0x000001b22ac00000 - 0x000001b22ac03000 	C:\Users\Rui Menoita\.javacpp\cache\javacpp-1.5.3-windows-x86_64.jar\org\bytedeco\javacpp\windows-x86_64\api-ms-win-crt-locale-l1-1-0.dll
0x000001b22cb10000 - 0x000001b22cb14000 	C:\Users\Rui Menoita\.javacpp\cache\javacpp-1.5.3-windows-x86_64.jar\org\bytedeco\javacpp\windows-x86_64\api-ms-win-crt-string-l1-1-0.dll
0x000001b22cb20000 - 0x000001b22cb24000 	C:\Users\Rui Menoita\.javacpp\cache\javacpp-1.5.3-windows-x86_64.jar\org\bytedeco\javacpp\windows-x86_64\api-ms-win-crt-stdio-l1-1-0.dll
0x000001b22cb30000 - 0x000001b22cb35000 	C:\Users\Rui Menoita\.javacpp\cache\javacpp-1.5.3-windows-x86_64.jar\org\bytedeco\javacpp\windows-x86_64\api-ms-win-crt-math-l1-1-0.dll
0x000001b22cb40000 - 0x000001b22cb43000 	C:\Users\Rui Menoita\.javacpp\cache\javacpp-1.5.3-windows-x86_64.jar\org\bytedeco\javacpp\windows-x86_64\api-ms-win-crt-heap-l1-1-0.dll
0x000001b22cb50000 - 0x000001b22cb54000 	C:\Users\Rui Menoita\.javacpp\cache\javacpp-1.5.3-windows-x86_64.jar\org\bytedeco\javacpp\windows-x86_64\api-ms-win-crt-runtime-l1-1-0.dll
0x000001b22cb60000 - 0x000001b22cb64000 	C:\Users\Rui Menoita\.javacpp\cache\javacpp-1.5.3-windows-x86_64.jar\org\bytedeco\javacpp\windows-x86_64\api-ms-win-crt-convert-l1-1-0.dll
0x000001b22cb70000 - 0x000001b22cb73000 	C:\Users\Rui Menoita\.javacpp\cache\javacpp-1.5.3-windows-x86_64.jar\org\bytedeco\javacpp\windows-x86_64\api-ms-win-crt-environment-l1-1-0.dll
0x000001b22cb80000 - 0x000001b22cb83000 	C:\Users\Rui Menoita\.javacpp\cache\javacpp-1.5.3-windows-x86_64.jar\org\bytedeco\javacpp\windows-x86_64\api-ms-win-crt-time-l1-1-0.dll
0x000001b22cb90000 - 0x000001b22cb93000 	C:\Users\Rui Menoita\.javacpp\cache\javacpp-1.5.3-windows-x86_64.jar\org\bytedeco\javacpp\windows-x86_64\api-ms-win-crt-filesystem-l1-1-0.dll
0x000001b22cba0000 - 0x000001b22cba3000 	C:\Users\Rui Menoita\.javacpp\cache\javacpp-1.5.3-windows-x86_64.jar\org\bytedeco\javacpp\windows-x86_64\api-ms-win-crt-utility-l1-1-0.dll
0x000001b22cbb0000 - 0x000001b22cbb5000 	C:\Users\Rui Menoita\.javacpp\cache\javacpp-1.5.3-windows-x86_64.jar\org\bytedeco\javacpp\windows-x86_64\api-ms-win-crt-multibyte-l1-1-0.dll
0x000001b24ed60000 - 0x000001b24ed63000 	C:\Users\Rui Menoita\.javacpp\cache\javacpp-1.5.3-windows-x86_64.jar\org\bytedeco\javacpp\windows-x86_64\api-ms-win-core-string-l1-1-0.dll
0x000001b24ed70000 - 0x000001b24ed73000 	C:\Users\Rui Menoita\.javacpp\cache\javacpp-1.5.3-windows-x86_64.jar\org\bytedeco\javacpp\windows-x86_64\api-ms-win-core-errorhandling-l1-1-0.dll
0x000001b24ed80000 - 0x000001b24ed83000 	C:\Users\Rui Menoita\.javacpp\cache\javacpp-1.5.3-windows-x86_64.jar\org\bytedeco\javacpp\windows-x86_64\api-ms-win-core-timezone-l1-1-0.dll
0x000001b24ed90000 - 0x000001b24ed94000 	C:\Users\Rui Menoita\.javacpp\cache\javacpp-1.5.3-windows-x86_64.jar\org\bytedeco\javacpp\windows-x86_64\api-ms-win-core-file-l1-1-0.dll
0x000001b24eda0000 - 0x000001b24eda3000 	C:\Users\Rui Menoita\.javacpp\cache\javacpp-1.5.3-windows-x86_64.jar\org\bytedeco\javacpp\windows-x86_64\api-ms-win-core-namedpipe-l1-1-0.dll
0x000001b24edb0000 - 0x000001b24edb3000 	C:\Users\Rui Menoita\.javacpp\cache\javacpp-1.5.3-windows-x86_64.jar\org\bytedeco\javacpp\windows-x86_64\api-ms-win-core-handle-l1-1-0.dll
0x000001b24edc0000 - 0x000001b24edc3000 	C:\Users\Rui Menoita\.javacpp\cache\javacpp-1.5.3-windows-x86_64.jar\org\bytedeco\javacpp\windows-x86_64\api-ms-win-core-file-l2-1-0.dll
0x000001b24edd0000 - 0x000001b24edd3000 	C:\Users\Rui Menoita\.javacpp\cache\javacpp-1.5.3-windows-x86_64.jar\org\bytedeco\javacpp\windows-x86_64\api-ms-win-core-heap-l1-1-0.dll
0x000001b24ede0000 - 0x000001b24ede3000 	C:\Users\Rui Menoita\.javacpp\cache\javacpp-1.5.3-windows-x86_64.jar\org\bytedeco\javacpp\windows-x86_64\api-ms-win-core-libraryloader-l1-1-0.dll
0x000001b24edf0000 - 0x000001b24edf3000 	C:\Users\Rui Menoita\.javacpp\cache\javacpp-1.5.3-windows-x86_64.jar\org\bytedeco\javacpp\windows-x86_64\api-ms-win-core-synch-l1-1-0.dll
0x000001b24ee00000 - 0x000001b24ee03000 	C:\Users\Rui Menoita\.javacpp\cache\javacpp-1.5.3-windows-x86_64.jar\org\bytedeco\javacpp\windows-x86_64\api-ms-win-core-processthreads-l1-1-0.dll
0x000001b24ee10000 - 0x000001b24ee13000 	C:\Users\Rui Menoita\.javacpp\cache\javacpp-1.5.3-windows-x86_64.jar\org\bytedeco\javacpp\windows-x86_64\api-ms-win-core-processenvironment-l1-1-0.dll
0x000001b24ee20000 - 0x000001b24ee23000 	C:\Users\Rui Menoita\.javacpp\cache\javacpp-1.5.3-windows-x86_64.jar\org\bytedeco\javacpp\windows-x86_64\api-ms-win-core-datetime-l1-1-0.dll
0x000001b24ee30000 - 0x000001b24ee33000 	C:\Users\Rui Menoita\.javacpp\cache\javacpp-1.5.3-windows-x86_64.jar\org\bytedeco\javacpp\windows-x86_64\api-ms-win-core-localization-l1-2-0.dll
0x000001b24ee40000 - 0x000001b24ee43000 	C:\Users\Rui Menoita\.javacpp\cache\javacpp-1.5.3-windows-x86_64.jar\org\bytedeco\javacpp\windows-x86_64\api-ms-win-core-sysinfo-l1-1-0.dll
0x000001b24ee50000 - 0x000001b24ee53000 	C:\Users\Rui Menoita\.javacpp\cache\javacpp-1.5.3-windows-x86_64.jar\org\bytedeco\javacpp\windows-x86_64\api-ms-win-core-synch-l1-2-0.dll
0x000001b24ee60000 - 0x000001b24ee63000 	C:\Users\Rui Menoita\.javacpp\cache\javacpp-1.5.3-windows-x86_64.jar\org\bytedeco\javacpp\windows-x86_64\api-ms-win-core-console-l1-1-0.dll
0x000001b24ee70000 - 0x000001b24ee73000 	C:\Users\Rui Menoita\.javacpp\cache\javacpp-1.5.3-windows-x86_64.jar\org\bytedeco\javacpp\windows-x86_64\api-ms-win-core-debug-l1-1-0.dll
0x000001b24ee80000 - 0x000001b24ee83000 	C:\Users\Rui Menoita\.javacpp\cache\javacpp-1.5.3-windows-x86_64.jar\org\bytedeco\javacpp\windows-x86_64\api-ms-win-core-rtlsupport-l1-1-0.dll
0x000001b24ee90000 - 0x000001b24ee93000 	C:\Users\Rui Menoita\.javacpp\cache\javacpp-1.5.3-windows-x86_64.jar\org\bytedeco\javacpp\windows-x86_64\api-ms-win-core-processthreads-l1-1-1.dll
0x000001b24eea0000 - 0x000001b24eea3000 	C:\Users\Rui Menoita\.javacpp\cache\javacpp-1.5.3-windows-x86_64.jar\org\bytedeco\javacpp\windows-x86_64\api-ms-win-core-file-l1-2-0.dll
0x000001b24eeb0000 - 0x000001b24eeb3000 	C:\Users\Rui Menoita\.javacpp\cache\javacpp-1.5.3-windows-x86_64.jar\org\bytedeco\javacpp\windows-x86_64\api-ms-win-core-profile-l1-1-0.dll
0x000001b24eec0000 - 0x000001b24eec3000 	C:\Users\Rui Menoita\.javacpp\cache\javacpp-1.5.3-windows-x86_64.jar\org\bytedeco\javacpp\windows-x86_64\api-ms-win-core-memory-l1-1-0.dll
0x000001b24eed0000 - 0x000001b24eed3000 	C:\Users\Rui Menoita\.javacpp\cache\javacpp-1.5.3-windows-x86_64.jar\org\bytedeco\javacpp\windows-x86_64\api-ms-win-core-util-l1-1-0.dll
0x000001b24eee0000 - 0x000001b24eee3000 	C:\Users\Rui Menoita\.javacpp\cache\javacpp-1.5.3-windows-x86_64.jar\org\bytedeco\javacpp\windows-x86_64\api-ms-win-core-interlocked-l1-1-0.dll
0x00007ffa95580000 - 0x00007ffa9567a000 	C:\Users\Rui Menoita\.javacpp\cache\javacpp-1.5.3-windows-x86_64.jar\org\bytedeco\javacpp\windows-x86_64\ucrtbase.dll
0x00007ffab1740000 - 0x00007ffab1755000 	C:\Users\Rui Menoita\.javacpp\cache\javacpp-1.5.3-windows-x86_64.jar\org\bytedeco\javacpp\windows-x86_64\vcruntime140.dll
0x00007ffa811d0000 - 0x00007ffa8126b000 	C:\Users\Rui Menoita\.javacpp\cache\javacpp-1.5.3-windows-x86_64.jar\org\bytedeco\javacpp\windows-x86_64\msvcp140.dll
0x00007ffaa11e0000 - 0x00007ffaa1231000 	C:\Users\Rui Menoita\.javacpp\cache\javacpp-1.5.3-windows-x86_64.jar\org\bytedeco\javacpp\windows-x86_64\concrt140.dll
0x00007ffab1710000 - 0x00007ffab1737000 	C:\Users\Rui Menoita\.javacpp\cache\javacpp-1.5.3-windows-x86_64.jar\org\bytedeco\javacpp\windows-x86_64\vcomp140.dll
0x00007ffab60b0000 - 0x00007ffab60be000 	C:\Users\Rui Menoita\.javacpp\cache\javacpp-1.5.3-windows-x86_64.jar\org\bytedeco\javacpp\windows-x86_64\jnijavacpp.dll
0x000000006d7c0000 - 0x000000006f337000 	C:\Users\Rui Menoita\.javacpp\cache\openblas-0.3.9-1-1.5.3-windows-x86_64.jar\org\bytedeco\openblas\windows-x86_64\libopenblas_nolapack.dll
0x00007ffa95bd0000 - 0x00007ffa95c2a000 	C:\Users\Rui Menoita\.javacpp\cache\openblas-0.3.9-1-1.5.3-windows-x86_64.jar\org\bytedeco\openblas\windows-x86_64\jniopenblas_nolapack.dll
0x0000000000850000 - 0x00000000023c7000 	C:\Users\Rui Menoita\.javacpp\cache\openblas-0.3.9-1-1.5.3-windows-x86_64.jar\org\bytedeco\openblas\windows-x86_64\libopenblas.dll
0x00007ffa5e130000 - 0x00007ffa5f51d000 	C:\Users\Rui Menoita\.javacpp\cache\openblas-0.3.9-1-1.5.3-windows-x86_64.jar\org\bytedeco\openblas\windows-x86_64\jniopenblas.dll
0x0000000064940000 - 0x0000000064956000 	C:\Users\Rui Menoita\.javacpp\cache\nd4j-native-1.0.0-beta7-windows-x86_64-avx2.jar\org\nd4j\nativeblas\windows-x86_64-avx2\libwinpthread-1.dll
0x0000000061440000 - 0x000000006145c000 	C:\Users\Rui Menoita\.javacpp\cache\nd4j-native-1.0.0-beta7-windows-x86_64-avx2.jar\org\nd4j\nativeblas\windows-x86_64-avx2\libgcc_s_seh-1.dll
0x0000000063600000 - 0x0000000063633000 	C:\Users\Rui Menoita\.javacpp\cache\nd4j-native-1.0.0-beta7-windows-x86_64-avx2.jar\org\nd4j\nativeblas\windows-x86_64-avx2\libgomp-1.dll
0x000000006fc40000 - 0x000000006fdf3000 	C:\Users\Rui Menoita\.javacpp\cache\nd4j-native-1.0.0-beta7-windows-x86_64-avx2.jar\org\nd4j\nativeblas\windows-x86_64-avx2\libstdc++-6.dll
0x00000000023d0000 - 0x000000000b7e0000 	C:\Users\Rui Menoita\.javacpp\cache\nd4j-native-1.0.0-beta7-windows-x86_64-avx2.jar\org\nd4j\nativeblas\windows-x86_64-avx2\libnd4jcpu.dll
0x0000000066880000 - 0x0000000066b27000 	C:\Users\Rui Menoita\.javacpp\cache\nd4j-native-1.0.0-beta7-windows-x86_64-avx2.jar\org\nd4j\nativeblas\windows-x86_64-avx2\jnind4jcpu.dll
0x00007ffaba020000 - 0x00007ffaba053000 	C:\WINDOWS\system32\rsaenh.dll
0x00007ffabb790000 - 0x00007ffabb7b6000 	C:\WINDOWS\System32\bcrypt.dll
0x00007ffabab80000 - 0x00007ffababa5000 	C:\WINDOWS\SYSTEM32\USERENV.dll
0x00007ffaba680000 - 0x00007ffaba68c000 	C:\WINDOWS\SYSTEM32\CRYPTBASE.dll
0x00007ffaba1c0000 - 0x00007ffaba1fa000 	C:\WINDOWS\SYSTEM32\IPHLPAPI.DLL
0x00007ffabd350000 - 0x00007ffabd358000 	C:\WINDOWS\System32\NSI.dll
0x00007ffab8930000 - 0x00007ffab8946000 	C:\WINDOWS\SYSTEM32\dhcpcsvc6.DLL
0x00007ffab8910000 - 0x00007ffab892c000 	C:\WINDOWS\SYSTEM32\dhcpcsvc.DLL
0x00007ffaba200000 - 0x00007ffaba2cb000 	C:\WINDOWS\SYSTEM32\DNSAPI.dll

dbghelp: loaded successfully - version: 4.0.5 - missing functions: none
symbol engine: initialized successfully - sym options: 0x614 - pdb path: .;C:\Program Files\Java\jdk-15.0.1\bin;C:\WINDOWS\SYSTEM32;C:\WINDOWS\WinSxS\amd64_microsoft.windows.common-controls_6595b64144ccf1df_6.0.18362.1256_none_9e7e379be45e40e2;C:\Program Files\Java\jdk-15.0.1\bin\server;C:\Users\Rui Menoita\.javacpp\cache\javacpp-1.5.3-windows-x86_64.jar\org\bytedeco\javacpp\windows-x86_64;C:\Users\Rui Menoita\.javacpp\cache\openblas-0.3.9-1-1.5.3-windows-x86_64.jar\org\bytedeco\openblas\windows-x86_64;C:\Users\Rui Menoita\.javacpp\cache\nd4j-native-1.0.0-beta7-windows-x86_64-avx2.jar\org\nd4j\nativeblas\windows-x86_64-avx2

VM Arguments:
jvm_args: -Dfile.encoding=Cp1252 -XX:+ShowCodeDetailsInExceptionMessages 
java_command: com.nn.train.GeneticEngine
java_class_path (initial): C:\Users\Rui Menoita\git\AI_SnakeGame\AI_SnakeGame\target\classes;C:\Users\Rui Menoita\.m2\repository\org\projectlombok\lombok\1.18.10\lombok-1.18.10.jar;C:\Users\Rui Menoita\.m2\repository\io\jenetics\jenetics\6.1.0\jenetics-6.1.0.jar;C:\Users\Rui Menoita\.m2\repository\org\openjfx\javafx-controls\16-ea+1\javafx-controls-16-ea+1.jar;C:\Users\Rui Menoita\.m2\repository\org\openjfx\javafx-controls\16-ea+1\javafx-controls-16-ea+1-win.jar;C:\Users\Rui Menoita\.m2\repository\org\openjfx\javafx-web\16-ea+1\javafx-web-16-ea+1.jar;C:\Users\Rui Menoita\.m2\repository\org\openjfx\javafx-web\16-ea+1\javafx-web-16-ea+1-win.jar;C:\Users\Rui Menoita\.m2\repository\org\openjfx\javafx-base\16-ea+1\javafx-base-16-ea+1.jar;C:\Users\Rui Menoita\.m2\repository\org\openjfx\javafx-base\16-ea+1\javafx-base-16-ea+1-win.jar;C:\Users\Rui Menoita\.m2\repository\org\openjfx\javafx-fxml\16-ea+1\javafx-fxml-16-ea+1.jar;C:\Users\Rui Menoita\.m2\repository\org\openjfx\javafx-fxml\16-ea+1\javafx-fxml-16-ea+1-win.jar;C:\Users\Rui Menoita\.m2\repository\org\openjfx\javafx-media\16-ea+1\javafx-media-16-ea+1.jar;C:\Users\Rui Menoita\.m2\repository\org\openjfx\javafx-media\16-ea+1\javafx-media-16-ea+1-win.jar;C:\Users\Rui Menoita\.m2\repository\org\openjfx\javafx-graphics\16-ea+1\javafx-graphics-16-ea+1.jar;C:\Users\Rui Menoita\.m2\repository\org\openjfx\javafx-graphics\16-ea+1\javafx-graphics-16-ea+1-win.jar;C:\Users\Rui Menoita\.m2\repository\org\deeplearning4j\deeplearning4j-core\1.0.0-beta7\deeplearning4j-core-1.0.0-beta7.jar;C:\Users\Rui Menoita\.m2\repository\org\deeplearning4j\deeplearning4j-tsne\1.0.0-beta7\deeplearning4j-tsne-1.0.0-beta7.jar;C:\Users\Rui Menoita\.m2\repository\org\deeplearning4j\nearestneighbor-core\1.0.0-beta7\nearestneighbor-core-1.0.0-beta7.jar;C:\Users\Rui Menoita\.m2\repository\org\deeplearning4j\deeplearning4j-datasets\1.0.0-beta7\deeplearning4j-datasets-1.0.0-beta7.jar;C:\Users\Rui Menoita\.m2\repository\org\deeplearning4j\deeplearning4j-com
Launcher Type: SUN_STANDARD

[Global flags]
     intx CICompilerCount                          = 4                                         {product} {ergonomic}
     uint ConcGCThreads                            = 2                                         {product} {ergonomic}
     uint G1ConcRefinementThreads                  = 8                                         {product} {ergonomic}
   size_t G1HeapRegionSize                         = 1048576                                   {product} {ergonomic}
    uintx GCDrainStackTargetSize                   = 64                                        {product} {ergonomic}
   size_t InitialHeapSize                          = 134217728                                 {product} {ergonomic}
   size_t MarkStackSize                            = 4194304                                   {product} {ergonomic}
   size_t MaxHeapSize                              = 2126512128                                {product} {ergonomic}
   size_t MaxNewSize                               = 1275068416                                {product} {ergonomic}
   size_t MinHeapDeltaBytes                        = 1048576                                   {product} {ergonomic}
   size_t MinHeapSize                              = 8388608                                   {product} {ergonomic}
    uintx NonNMethodCodeHeapSize                   = 5839372                                {pd product} {ergonomic}
    uintx NonProfiledCodeHeapSize                  = 122909434                              {pd product} {ergonomic}
    uintx ProfiledCodeHeapSize                     = 122909434                              {pd product} {ergonomic}
    uintx ReservedCodeCacheSize                    = 251658240                              {pd product} {ergonomic}
     bool SegmentedCodeCache                       = true                                      {product} {ergonomic}
     bool ShowCodeDetailsInExceptionMessages       = true                                   {manageable} {command line}
   size_t SoftMaxHeapSize                          = 2126512128                             {manageable} {ergonomic}
     bool UseCompressedClassPointers               = true                                 {lp64_product} {ergonomic}
     bool UseCompressedOops                        = true                                 {lp64_product} {ergonomic}
     bool UseG1GC                                  = true                                      {product} {ergonomic}
     bool UseLargePagesIndividualAllocation        = false                                  {pd product} {ergonomic}

Logging:
Log output configuration:
 #0: stdout all=warning uptime,level,tags
 #1: stderr all=off uptime,level,tags

Environment Variables:
JAVA_HOME=C:\Program Files\Java\jdk-15.0.1
PATH=C:/Program Files/Java/jdk-15.0.1/bin/server;C:/Program Files/Java/jdk-15.0.1/bin;C:\Program Files\NVIDIA GPU Computing Toolkit\CUDA\v11.1\bin;C:\Program Files\NVIDIA GPU Computing Toolkit\CUDA\v11.1\libnvvp;C:\Program Files\Java\jdk-15.0.1\bin;C:\Program Files (x86)\Common Files\Oracle\Java\javapath;C:\Program Files\AdoptOpenJDK\jdk-12.0.1.12-hotspot\bin;C:\MinGW\bin;C:\MinGW\libexec\gcc\x86_64-w64-mingw32\8.1.0;C:\Users\Rui Menoita\gcc\bin;C:\Users\Rui Menoita\gcc\libexec\gcc\x86_64-w64-mingw32\8.1.0;C:\Program Files (x86)\Intel\Intel(R) Management Engine Components\iCLS\;C:\Program Files\Intel\Intel(R) Management Engine Components\iCLS\;C:\windows\system32;C:\windows;C:\windows\System32\Wbem;C:\windows\System32\WindowsPowerShell\v1.0\;C:\Program Files (x86)\Intel\Intel(R) Management Engine Components\DAL;C:\Program Files\Intel\Intel(R) Management Engine Components\DAL;C:\Program Files (x86)\Intel\Intel(R) Management Engine Components\IPT;C:\Program Files\Intel\Intel(R) Management Engine Components\IPT;C:\Program Files (x86)\NVIDIA Corporation\PhysX\Common;C:\Program Files\PuTTY\;C:\Program Files\dotnet\;C:\WINDOWS\system32;C:\WINDOWS;C:\WINDOWS\System32\Wbem;C:\WINDOWS\System32\WindowsPowerShell\v1.0\;C:\WINDOWS\System32\OpenSSH\;C:\php;C:\apache-maven-3.6.1-bin\bin;C:\Program Files\Microsoft SQL Server\130\Tools\Binn\;C:\Program Files\Microsoft SQL Server\Client SDK\ODBC\170\Tools\Binn\;C:\ProgramData\ComposerSetup\bin;C:\Grandle\gradle-6.0.1-bin\bin;C:\Program Files (x86)\sbt\bin;C:\Program Files\nodejs\;C:\apache-maven-3.6.1-bin\bin;C:\Program Files\Git\cmd;C:\flutter\bin;C:\Program Files\NVIDIA Corporation\Nsight Compute 2020.2.0\;C:\Program Files\NVIDIA Corporation\NVIDIA NvDLISR;C:\Program Files\MySQL\MySQL Server 8.0\bin;%LOCALAPPDATA%\Pub\Cache\bin;C:\flutter\bin\cache\dart-sdk\bin;C:\Program Files\Java\jdk-14.0.1\bin;C:\Program Files\Java\jdk-12.0.2\bin;C:\Program Files\Java\jdk-11.0.2\bin;C:\Program Files\MySQL\MySQL Shell 8.0\bin\;C:\Users\Rui Menoita
USERNAME=RuiMenoita
OS=Windows_NT
PROCESSOR_IDENTIFIER=Intel64 Family 6 Model 142 Stepping 10, GenuineIntel



---------------  S Y S T E M  ---------------

OS:
 Windows 10 , 64 bit Build 18362 (10.0.18362.1110)
OS uptime: 0 days 0:31 hours

CPU: total 8 (initial active 8) (4 cores per cpu, 2 threads per core) family 6 model 142 stepping 10 microcode 0xb4, cmov, cx8, fxsr, mmx, sse, sse2, sse3, ssse3, sse4.1, sse4.2, popcnt, vzeroupper, avx, avx2, aes, clmul, erms, 3dnowpref, lzcnt, ht, tsc, tscinvbit, bmi1, bmi2, adx, fma, clflush, clflushopt

Memory: 4k page, system-wide physical 8107M (1634M free)
TotalPageFile size 17835M (AvailPageFile size 7203M)
current process WorkingSet (physical memory assigned to process): 156M, peak: 156M
current process commit charge ("private bytes"): 1134M, peak: 1134M

vm_info: OpenJDK 64-Bit Server VM (15.0.1+9-18) for windows-amd64 JRE (15.0.1+9-18), built on Sep 15 2020 14:39:31 by "mach5one" with unknown MS VC++:1925

END.
